<?xml version="1.0" encoding="UTF-8"?>
<testsuite xmlns:xsi="http://www.w3.org/2001/XMLSchema-instance" xsi:noNamespaceSchemaLocation="https://maven.apache.org/surefire/maven-surefire-plugin/xsd/surefire-test-report.xsd" version="3.0.2" name="br.com.bardosom.api.ApiApplicationTests" time="17.506" tests="1" errors="0" skipped="0" failures="0">
  <properties>
[...]
</properties>
  <testcase name="contextLoads" classname="br.com.bardosom.api.ApiApplicationTests" time="8.408">
    <system-out><![CDATA[23:26:23.017 [main] INFO org.springframework.test.context.support.AnnotationConfigContextLoaderUtils -- Could not detect default configuration classes for test class [br.com.bardosom.api.ApiApplicationTests]: ApiApplicationTests does not declare any static, non-private, non-final, nested classes annotated with @Configuration.
23:26:23.552 [main] INFO org.springframework.boot.test.context.SpringBootTestContextBootstrapper -- Found @SpringBootConfiguration br.com.bardosom.api.ApiApplication for test class br.com.bardosom.api.ApiApplicationTests

  .   ____          _            __ _ _
 /\\ / ___'_ __ _ _(_)_ __  __ _ \ \ \ \
( ( )\___ | '_ | '_| | '_ \/ _` | \ \ \ \
 \\/  ___)| |_)| | | | | || (_| |  ) ) ) )
  '  |____| .__|_| |_|_| |_\__, | / / / /
 =========|_|==============|___/=/_/_/_/

 :: Spring Boot ::                (v3.5.6)

2025-09-28T23:26:25.611-03:00  INFO 7646 --- [api] [           main] b.com.bardosom.api.ApiApplicationTests   : Starting ApiApplicationTests using Java 17.0.12 with PID 7646 (started by juliamariateixeira in /Users/juliamariateixeira/Desktop/Bar-do-Som/Backend)
2025-09-28T23:26:25.614-03:00  INFO 7646 --- [api] [           main] b.com.bardosom.api.ApiApplicationTests   : No active profile set, falling back to 1 default profile: "default"
2025-09-28T23:26:29.796-03:00  INFO 7646 --- [api] [           main] b.com.bardosom.api.ApiApplicationTests   : Started ApiApplicationTests in 5.353 seconds (process running for 8.817)
2025-09-28T23:26:29.812-03:00  INFO 7646 --- [api] [           main] com.zaxxer.hikari.HikariDataSource       : HikariPool-1 - Starting...
2025-09-28T23:26:31.108-03:00  INFO 7646 --- [api] [           main] com.zaxxer.hikari.pool.HikariPool        : HikariPool-1 - Added connection com.mysql.cj.jdbc.ConnectionImpl@6650a6c
2025-09-28T23:26:31.170-03:00  INFO 7646 --- [api] [           main] com.zaxxer.hikari.HikariDataSource       : HikariPool-1 - Start completed.
✅ CONEXÃO COM O BANCO DE DADOS BEM-SUCEDIDA!
]]></system-out>
  </testcase>
</testsuite>