<?xml version="1.0" encoding="UTF-8"?>
<testsuite xmlns:xsi="http://www.w3.org/2001/XMLSchema-instance" xsi:noNamespaceSchemaLocation="https://maven.apache.org/surefire/maven-surefire-plugin/xsd/surefire-test-report.xsd" version="3.0.2" name="br.com.bardosom.api.ApiApplicationTests" time="6.358" tests="1" errors="0" skipped="0" failures="0">
  <properties>
[...]
</properties>
  <testcase name="contextLoads" classname="br.com.bardosom.api.ApiApplicationTests" time="1.353">
    <system-out><![CDATA[18:14:23.286 [main] INFO org.springframework.test.context.support.AnnotationConfigContextLoaderUtils -- Could not detect default configuration classes for test class [br.com.bardosom.api.ApiApplicationTests]: ApiApplicationTests does not declare any static, non-private, non-final, nested classes annotated with @Configuration.
18:14:23.569 [main] INFO org.springframework.boot.test.context.SpringBootTestContextBootstrapper -- Found @SpringBootConfiguration br.com.bardosom.api.ApiApplication for test class br.com.bardosom.api.ApiApplicationTests

  .   ____          _            __ _ _
 /\\ / ___'_ __ _ _(_)_ __  __ _ \ \ \ \
( ( )\___ | '_ | '_| | '_ \/ _` | \ \ \ \
 \\/  ___)| |_)| | | | | || (_| |  ) ) ) )
  '  |____| .__|_| |_|_| |_\__, | / / / /
 =========|_|==============|___/=/_/_/_/

 :: Spring Boot ::                (v3.5.6)

2025-09-28T18:14:25.229-03:00  INFO 15644 --- [api] [           main] b.com.bardosom.api.ApiApplicationTests   : Starting ApiApplicationTests using Java 17.0.12 with PID 15644 (started by PC in C:\Users\PC\OneDrive\Documentos\Pessoais\Desktop\bar\Bar-do-Som\Backend)
2025-09-28T18:14:25.233-03:00  INFO 15644 --- [api] [           main] b.com.bardosom.api.ApiApplicationTests   : No active profile set, falling back to 1 default profile: "default"
2025-09-28T18:14:27.267-03:00  INFO 15644 --- [api] [           main] b.com.bardosom.api.ApiApplicationTests   : Started ApiApplicationTests in 3.238 seconds (process running for 6.201)
2025-09-28T18:14:27.281-03:00  INFO 15644 --- [api] [           main] com.zaxxer.hikari.HikariDataSource       : HikariPool-1 - Starting...
2025-09-28T18:14:27.839-03:00  INFO 15644 --- [api] [           main] com.zaxxer.hikari.pool.HikariPool        : HikariPool-1 - Added connection com.mysql.cj.jdbc.ConnectionImpl@53125718
2025-09-28T18:14:27.843-03:00  INFO 15644 --- [api] [           main] com.zaxxer.hikari.HikariDataSource       : HikariPool-1 - Start completed.
✅ CONEXÃO COM O BANCO DE DADOS BEM-SUCEDIDA!
]]></system-out>
  </testcase>
</testsuite>